Temp/gradleOut/unityLibrary/build/outputs/logs/manifest-merger-release-report.txt
-- Merging decision tree log ---
manifest
ADDED from src/main/AndroidManifest.xml:3:1-28:12
INJECTED from src/main/AndroidManifest.xml:3:1-28:12
INJECTED from src/main/AndroidManifest.xml:3:1-28:12
INJECTED from src/main/AndroidManifest.xml:3:1-28:12
INJECTED from src/main/AndroidManifest.xml:3:1-28:12
INJECTED from src/main/AndroidManifest.xml:3:1-28:12
INJECTED from src/main/AndroidManifest.xml:3:1-28:12
	package
		ADDED from src/main/AndroidManifest.xml:3:70-98
		INJECTED from src/main/AndroidManifest.xml
		INJECTED from src/main/AndroidManifest.xml
	android:versionName
		INJECTED from src/main/AndroidManifest.xml
		ADDED from src/main/AndroidManifest.xml:3:1-28:12
		INJECTED from src/main/AndroidManifest.xml
	xmlns:tools
		ADDED from src/main/AndroidManifest.xml:3:99-145
	android:versionCode
		INJECTED from src/main/AndroidManifest.xml
		ADDED from src/main/AndroidManifest.xml:3:1-28:12
		INJECTED from src/main/AndroidManifest.xml
	xmlns:android
		ADDED from src/main/AndroidManifest.xml:3:11-69
	android:installLocation
		ADDED from src/main/AndroidManifest.xml:3:146-176
application
ADDED from src/main/AndroidManifest.xml:4:3-20:17
activity#com.unity3d.player.UnityPlayerActivity
ADDED from src/main/AndroidManifest.xml:5:5-13:16
	android:screenOrientation
		ADDED from src/main/AndroidManifest.xml:5:134-171
	android:launchMode
		ADDED from src/main/AndroidManifest.xml:5:172-203
	android:hardwareAccelerated
		ADDED from src/main/AndroidManifest.xml:5:306-341
	android:configChanges
		ADDED from src/main/AndroidManifest.xml:5:204-305
	android:theme
		ADDED from src/main/AndroidManifest.xml:5:69-133
	android:name
		ADDED from src/main/AndroidManifest.xml:5:15-68
intent-filter#action:name:android.intent.action.MAIN+category:name:android.intent.category.LAUNCHER+category:name:com.oculus.intent.category.VR
ADDED from src/main/AndroidManifest.xml:6:7-10:23
action#android.intent.action.MAIN
ADDED from src/main/AndroidManifest.xml:7:9-61
	android:name
		ADDED from src/main/AndroidManifest.xml:7:17-58
category#android.intent.category.LAUNCHER
ADDED from src/main/AndroidManifest.xml:8:9-69
	android:name
		ADDED from src/main/AndroidManifest.xml:8:19-66
category#com.oculus.intent.category.VR
ADDED from src/main/AndroidManifest.xml:9:9-66
	android:name
		ADDED from src/main/AndroidManifest.xml:9:19-63
meta-data#unityplayer.UnityActivity
ADDED from src/main/AndroidManifest.xml:11:7-82
	android:value
		ADDED from src/main/AndroidManifest.xml:11:59-79
	android:name
		ADDED from src/main/AndroidManifest.xml:11:18-58
meta-data#com.oculus.vr.focusaware
ADDED from src/main/AndroidManifest.xml:12:7-81
	android:value
		ADDED from src/main/AndroidManifest.xml:12:58-78
	android:name
		ADDED from src/main/AndroidManifest.xml:12:18-57
meta-data#unity.splash-mode
ADDED from src/main/AndroidManifest.xml:14:5-69
	android:value
		ADDED from src/main/AndroidManifest.xml:14:49-66
	android:name
		ADDED from src/main/AndroidManifest.xml:14:16-48
meta-data#unity.splash-enable
ADDED from src/main/AndroidManifest.xml:15:5-74
	android:value
		ADDED from src/main/AndroidManifest.xml:15:51-71
	android:name
		ADDED from src/main/AndroidManifest.xml:15:16-50
meta-data#unity.build-id
ADDED from src/main/AndroidManifest.xml:16:5-101
	android:value
		ADDED from src/main/AndroidManifest.xml:16:46-98
	android:name
		ADDED from src/main/AndroidManifest.xml:16:16-45
meta-data#com.samsung.android.vr.application.mode
ADDED from src/main/AndroidManifest.xml:17:5-97
	android:value
		ADDED from src/main/AndroidManifest.xml:17:71-94
	android:name
		ADDED from src/main/AndroidManifest.xml:17:16-70
meta-data#com.unity.xr.oculus.LowOverheadMode
ADDED from src/main/AndroidManifest.xml:18:5-91
	android:value
		ADDED from src/main/AndroidManifest.xml:18:67-88
	android:name
		ADDED from src/main/AndroidManifest.xml:18:16-66
meta-data#com.oculus.supportedDevices
ADDED from src/main/AndroidManifest.xml:19:5-90
	android:value
		ADDED from src/main/AndroidManifest.xml:19:59-87
	android:name
		ADDED from src/main/AndroidManifest.xml:19:16-58
uses-feature#0x00030000
ADDED from src/main/AndroidManifest.xml:21:3-52
	android:glEsVersion
		ADDED from src/main/AndroidManifest.xml:21:17-49
supports-gl-texture#GL_KHR_texture_compression_astc_ldr
ADDED from src/main/AndroidManifest.xml:22:3-77
	android:name
		ADDED from src/main/AndroidManifest.xml:22:24-74
uses-permission#android.permission.INTERNET
ADDED from src/main/AndroidManifest.xml:23:3-65
	android:name
		ADDED from src/main/AndroidManifest.xml:23:20-62
uses-feature#android.hardware.touchscreen
ADDED from src/main/AndroidManifest.xml:24:3-88
	android:required
		ADDED from src/main/AndroidManifest.xml:24:61-85
	android:name
		ADDED from src/main/AndroidManifest.xml:24:17-60
uses-feature#android.hardware.touchscreen.multitouch
ADDED from src/main/AndroidManifest.xml:25:3-99
	android:required
		ADDED from src/main/AndroidManifest.xml:25:72-96
	android:name
		ADDED from src/main/AndroidManifest.xml:25:17-71
uses-feature#android.hardware.touchscreen.multitouch.distinct
ADDED from src/main/AndroidManifest.xml:26:3-108
	android:required
		ADDED from src/main/AndroidManifest.xml:26:81-105
	android:name
		ADDED from src/main/AndroidManifest.xml:26:17-80
uses-feature#android.hardware.vr.headtracking
ADDED from src/main/AndroidManifest.xml:27:3-111
	android:version
		ADDED from src/main/AndroidManifest.xml:27:89-108
	android:required
		ADDED from src/main/AndroidManifest.xml:27:65-88
	android:name
		ADDED from src/main/AndroidManifest.xml:27:17-64
uses-sdk
INJECTED from src/main/AndroidManifest.xml reason: use-sdk injection requested
INJECTED from src/main/AndroidManifest.xml
INJECTED from src/main/AndroidManifest.xml
INJECTED from src/main/AndroidManifest.xml
INJECTED from src/main/AndroidManifest.xml
	android:targetSdkVersion
		INJECTED from src/main/AndroidManifest.xml
		ADDED from src/main/AndroidManifest.xml
		INJECTED from src/main/AndroidManifest.xml
	android:minSdkVersion
		INJECTED from src/main/AndroidManifest.xml
		ADDED from src/main/AndroidManifest.xml
		INJECTED from src/main/AndroidManifest.xml